<?xml version="1.0" encoding="UTF-8" ?>
<testsuite tests="8" failures="0" name="runners.TestRunner" time="0.005" errors="0" skipped="0">
  <properties>
[...]
</properties>
  <testcase classname="Scenario: Place Online Book Order" name="Given user is on amazon home page" time="0.004"/>
  <testcase classname="Scenario: Place Online Book Order" name="When user searches American Gods" time="0"/>
  <testcase classname="Scenario: Place Online Book Order" name="Then user should see search result" time="0"/>
  <testcase classname="Scenario: Place Online Book Order" name="Scenario: Place Online Book Order" time="0"/>
  <testcase classname="Scenario: Order Test" name="Given user is on amazon home page" time="0"/>
  <testcase classname="Scenario: Order Test" name="When user click order" time="0"/>
  <testcase classname="Scenario: Order Test" name="Then user should see log in page" time="0"/>
  <testcase classname="Scenario: Order Test" name="Scenario: Order Test" time="0.001"/>
</testsuite>